<?xml version="1.0" encoding="UTF-8"?>
<!-- Generated by org.testng.reporters.JUnitXMLReporter -->
<testsuite hostname="WIN-NMJ1FQIGA39" ignored="0" name="Free CRM Test Suite For phantomJS Browser" tests="3" failures="0" timestamp="04 Jan 2018 13:24:50 GMT" time="97.56" errors="0">
  <testcase name="testLoginPageTitleText" time="0.019" classname="com.crm.qa.testcases.LoginPageTest"/>
  <testcase name="testCRMLogoImage" time="0.207" classname="com.crm.qa.testcases.LoginPageTest"/>
  <testcase name="testLogin" time="11.641" classname="com.crm.qa.testcases.LoginPageTest"/>
</testsuite> <!-- Free CRM Test Suite For phantomJS Browser -->
