<?xml version="1.0" encoding="UTF-8"?>
<!-- Generated by org.testng.reporters.JUnitXMLReporter -->
<testsuite hostname="WIN-NMJ1FQIGA39" ignored="0" name="Free CRM Test Suite For opera Browser" tests="3" failures="0" timestamp="04 Jan 2018 13:23:11 GMT" time="177.418" errors="0">
  <testcase name="testLoginPageTitleText" time="0.156" classname="com.crm.qa.testcases.LoginPageTest"/>
  <testcase name="testCRMLogoImage" time="0.572" classname="com.crm.qa.testcases.LoginPageTest"/>
  <testcase name="testLogin" time="39.194" classname="com.crm.qa.testcases.LoginPageTest"/>
</testsuite> <!-- Free CRM Test Suite For opera Browser -->
