<?xml version="1.0" encoding="UTF-8"?>
<!-- Generated by org.testng.reporters.JUnitXMLReporter -->
<testsuite hostname="WIN-NMJ1FQIGA39" ignored="0" name="Free CRM Test Suite for Fire fox Browser" tests="3" failures="0" timestamp="21 Dec 2017 11:28:53 GMT" time="357.323" errors="0">
  <testcase name="testLoginPageTitleText" time="3.632" classname="com.crm.qa.testcases.LoginPageTest"/>
  <testcase name="testCRMLogoImage" time="3.673" classname="com.crm.qa.testcases.LoginPageTest"/>
  <testcase name="testLogin" time="25.92" classname="com.crm.qa.testcases.LoginPageTest"/>
</testsuite> <!-- Free CRM Test Suite for Fire fox Browser -->
