<?xml version="1.0" encoding="UTF-8"?>
<!-- Generated by org.testng.reporters.JUnitXMLReporter -->
<testsuite hostname="WIN-NMJ1FQIGA39" ignored="0" name="Free CRM Test Suite for Chrome Browser" tests="3" failures="0" timestamp="03 Jan 2018 07:29:52 GMT" time="72.155" errors="0">
  <testcase name="testLoginPageTitleText" time="0.081" classname="com.crm.qa.testcases.LoginPageTest"/>
  <testcase name="testCRMLogoImage" time="0.257" classname="com.crm.qa.testcases.LoginPageTest"/>
  <testcase name="testLogin" time="13.668" classname="com.crm.qa.testcases.LoginPageTest"/>
</testsuite> <!-- Free CRM Test Suite for Chrome Browser -->
