<?xml version="1.0" encoding="UTF-8"?>
<!-- Generated by org.testng.reporters.JUnitXMLReporter -->
<testsuite hostname="WIN-NMJ1FQIGA39" ignored="0" name="Free CRM Test Suite For IE Browser" tests="4" failures="0" timestamp="04 Jan 2018 13:20:11 GMT" time="395.091" errors="0">
  <testcase name="testLoginPageTitleText" time="0.48" classname="com.crm.qa.testcases.LoginPageTest"/>
  <testcase name="testCRMLogoImage" time="6.683" classname="com.crm.qa.testcases.LoginPageTest"/>
  <testcase name="testLogin" time="135.507" classname="com.crm.qa.testcases.LoginPageTest">
    <skipped/>
  </testcase> <!-- testLogin -->
  <testcase name="testLogin" time="18.848" classname="com.crm.qa.testcases.LoginPageTest"/>
</testsuite> <!-- Free CRM Test Suite For IE Browser -->
