<?xml version="1.0" encoding="UTF-8"?>
<!-- Generated by org.testng.reporters.JUnitXMLReporter -->
<testsuite hostname="WIN-NMJ1FQIGA39" ignored="0" name="Free CRM Test Suite for Chrome Browser" tests="3" failures="0" timestamp="04 Jan 2018 13:13:36 GMT" time="122.705" errors="0">
  <testcase name="testLoginPageTitleText" time="0.1" classname="com.crm.qa.testcases.LoginPageTest"/>
  <testcase name="testCRMLogoImage" time="0.964" classname="com.crm.qa.testcases.LoginPageTest"/>
  <testcase name="testLogin" time="18.661" classname="com.crm.qa.testcases.LoginPageTest"/>
</testsuite> <!-- Free CRM Test Suite for Chrome Browser -->
