<?xml version="1.0" encoding="UTF-8" ?>
<testsuite tests="10" failures="0" name="TestSuite" time="90.61" errors="0" skipped="0">
  <properties>
[...]
</properties>
  <testcase classname="com.crm.qa.testcases.LoginPageTest" name="testLoginPageTitleText" time="3.253"/>
  <testcase classname="com.crm.qa.testcases.HomePageTest" name="testHomePageTitleText" time="11.341"/>
  <testcase classname="com.crm.qa.testcases.ContactsPageTest" name="testContactsPageLable" time="1.157"/>
  <testcase classname="com.crm.qa.testcases.LoginPageTest" name="testCRMLogoImage" time="3.235"/>
  <testcase classname="com.crm.qa.testcases.HomePageTest" name="testHomePageUserNameText" time="11.124"/>
  <testcase classname="com.crm.qa.testcases.ContactsPageTest" name="testCreateNewContact" time="11.83"/>
  <testcase classname="com.crm.qa.testcases.ContactsPageTest" name="testCreateNewContact" time="8.291"/>
  <testcase classname="com.crm.qa.testcases.ContactsPageTest" name="testCreateNewContact" time="10.982"/>
  <testcase classname="com.crm.qa.testcases.LoginPageTest" name="testLogin" time="16.577"/>
  <testcase classname="com.crm.qa.testcases.HomePageTest" name="testContactsLink" time="12.82"/>
</testsuite>