<?xml version="1.0" encoding="UTF-8"?>
<!-- Generated by org.testng.reporters.JUnitXMLReporter -->
<testsuite hostname="WIN-NMJ1FQIGA39" ignored="0" name="Free CRM Test Suite" tests="3" failures="1" timestamp="12 Dec 2017 14:44:14 GMT" time="70.075" errors="0">
  <testcase name="testLoginPageTitleText" time="3.119" classname="com.crm.qa.testcases.LoginPageTest">
    <failure type="java.lang.AssertionError" message="expected [#1 Free CRM for Any Business: Online Customer Relationship Software1] but found [#1 Free CRM for Any Business: Online Customer Relationship Software]">
      <![CDATA[java.lang.AssertionError: expected [#1 Free CRM for Any Business: Online Customer Relationship Software1] but found [#1 Free CRM for Any Business: Online Customer Relationship Software]
	at com.crm.qa.testcases.LoginPageTest.testLoginPageTitleText(LoginPageTest.java:29)
... Removed 40 stack frames]]>
    </failure>
  </testcase> <!-- testLoginPageTitleText -->
  <testcase name="testCRMLogoImage" time="3.247" classname="com.crm.qa.testcases.LoginPageTest"/>
  <testcase name="testLogin" time="13.127" classname="com.crm.qa.testcases.LoginPageTest"/>
</testsuite> <!-- Free CRM Test Suite -->
