<?xml version="1.0" encoding="UTF-8"?>
<!-- Generated by org.testng.reporters.JUnitXMLReporter -->
<testsuite hostname="WIN-NMJ1FQIGA39" ignored="0" name="Free CRM Test Suite" tests="10" failures="0" timestamp="11 Dec 2017 08:17:46 GMT" time="353.272" errors="0">
  <testcase name="testLoginPageTitleText" time="3.249" classname="com.crm.qa.testcases.LoginPageTest"/>
  <testcase name="testHomePageTitleText" time="11.33" classname="com.crm.qa.testcases.HomePageTest"/>
  <testcase name="testContactsPageLable" time="1.155" classname="com.crm.qa.testcases.ContactsPageTest"/>
  <testcase name="testCRMLogoImage" time="3.24" classname="com.crm.qa.testcases.LoginPageTest"/>
  <testcase name="testHomePageUserNameText" time="11.124" classname="com.crm.qa.testcases.HomePageTest"/>
  <testcase name="testCreateNewContact" time="11.829" classname="com.crm.qa.testcases.ContactsPageTest"/>
  <testcase name="testCreateNewContact" time="8.29" classname="com.crm.qa.testcases.ContactsPageTest"/>
  <testcase name="testCreateNewContact" time="10.983" classname="com.crm.qa.testcases.ContactsPageTest"/>
  <testcase name="testLogin" time="16.577" classname="com.crm.qa.testcases.LoginPageTest"/>
  <testcase name="testContactsLink" time="12.819" classname="com.crm.qa.testcases.HomePageTest"/>
</testsuite> <!-- Free CRM Test Suite -->
